Arguments: 
  D:\soft\nodejs\node.exe D:\soft\yarn\bin\yarn.js install

PATH: 
  C:\Users\Administrator\bin;D:\soft\cmder\bin;D:\soft\cmder\vendor\bin;D:\soft\cmder\vendor\git-for-windows\bin;D:\soft\cmder\vendor\git-for-windows\usr\local\bin;D:\soft\cmder\vendor\git-for-windows\usr\bin;D:\soft\cmder\vendor\git-for-windows\usr\bin;D:\soft\cmder\vendor\git-for-windows\opt\bin;D:\soft\cmder\vendor\conemu-maximus5\ConEmu\Scripts;D:\soft\cmder\vendor\conemu-maximus5;D:\soft\cmder\vendor\conemu-maximus5\ConEmu;C:\Windows\system32;C:\Windows;C:\Windows\System32\Wbem;C:\Windows\System32\WindowsPowerShell\v1.0;D:\soft\yarn\bin;D:\soft\nodejs;D:\Users\Administrator\AppData\Local\Programs\Microsoft VS Code\bin;D:\soft\cmder\vendor\git-for-windows\mingw64\bin;C:\Users\Administrator\AppData\Local\Yarn\bin;C:\Users\Administrator\AppData\Roaming\npm;D:\soft\webstorm\bin;D:\soft\cmder;D:\soft\cmder\vendor\git-for-windows\usr\bin\vendor_perl;D:\soft\cmder\vendor\git-for-windows\usr\bin\core_perl

Yarn version: 
  1.22.5

Node version: 
  12.22.9

Platform: 
  win32 x64

Trace: 
  Error: EPERM: operation not permitted, unlink 'E:\0-JRGXX\gulu-demo\node_modules\deasync\bin\win32-x64-node-12\deasync.node'

npm manifest: 
  {
    "name": "framework1",
    "version": "0.0.1",
    "description": "这是一个UI框架",
    "main": "index.js",
    "scripts": {
      "start": "npx parcel index.html --no-cache",
      "dev-test": "parcel watch test/* --no-cache & karma start",
      "test": "parcel build test/* --no-cache --no-minify && karma start --single-run",
      "docs:dev": "vuepress dev docs",
      "docs:build": "vuepress build docs"
    },
    "repository": {
      "type": "git",
      "url": "git+https://github.com/LiJun14578963/gulu-1.git"
    },
    "keywords": [
      "vue",
      "ui"
    ],
    "author": "李军",
    "license": "ISC",
    "bugs": {
      "url": "https://github.com/LiJun14578963/gulu-1/issues"
    },
    "homepage": "https://github.com/LiJun14578963/gulu-1#readme",
    "dependencies": {
      "vue": "^2.5.17",
      "vue-hot-reload-api": "^2.3.4"
    },
    "devDependencies": {
      "@vue/component-compiler-utils": "^3.3.0",
      "chai": "^4.3.7",
      "chai-spies": "^1.0.0",
      "karma": "^6.4.1",
      "karma-chai": "^0.1.0",
      "karma-chai-spies": "^0.1.4",
      "karma-chrome-launcher": "^3.1.1",
      "karma-mocha": "^2.0.1",
      "karma-sinon-chai": "^2.0.2",
      "less": "^4.1.3",
      "mocha": "^10.2.0",
      "parcel-bundler": "^1.12.5",
      "sass": "^1.59.3",
      "sinon": "^15.0.2",
      "sinon-chai": "^3.7.0",
      "vue-template-compiler": "^2.5.17",
      "vuepress": "^1.9.9"
    },
    "alias": {
      "vue": "./node_modules/vue/dist/vue.common.js"
    }
  }

yarn manifest: 
  No manifest

Lockfile: 
  No lockfile
